2025-10-19 12:10:43,021 - INFO - Creating few-shot splits...
2025-10-19 12:10:43,034 - INFO - Created few-shot splits for sizes: [10, 25, 50]
2025-10-19 12:10:43,037 - INFO - 
============================================================
2025-10-19 12:10:43,037 - INFO - Running head_only with 10 samples
2025-10-19 12:10:43,037 - INFO - ============================================================
2025-10-19 12:10:43,344 - INFO - Train samples: 10
2025-10-19 12:10:43,344 - INFO - Val samples: 9
2025-10-19 12:10:43,344 - INFO - Test samples: 15
2025-10-19 12:10:43,344 - INFO - Training with 307,873 trainable parameters (0.4129 of total)
2025-10-19 12:10:44,954 - INFO - Epoch   0: Train Loss 0.107787, Val Loss 0.057753, LR 1.00e-03
2025-10-19 12:10:45,160 - INFO - Epoch   4: Train Loss 0.130173, Val Loss 0.057753, LR 1.00e-03
2025-10-19 12:10:45,162 - INFO - Evaluating model...
2025-10-19 12:10:45,345 - INFO - Experiment completed in 2.3s
2025-10-19 12:10:45,347 - INFO - Test NDCG@5: 1.0000
2025-10-19 12:10:45,347 - INFO - Test Spearman: 1.0000
2025-10-19 12:10:45,349 - INFO - 
============================================================
2025-10-19 12:10:45,349 - INFO - Running head_only with 25 samples
2025-10-19 12:10:45,349 - INFO - ============================================================
2025-10-19 12:10:45,409 - INFO - Train samples: 25
2025-10-19 12:10:45,409 - INFO - Val samples: 9
2025-10-19 12:10:45,409 - INFO - Test samples: 15
2025-10-19 12:10:45,409 - INFO - Training with 307,873 trainable parameters (0.4129 of total)
2025-10-19 12:10:45,567 - INFO - Epoch   0: Train Loss 0.105073, Val Loss 0.057753, LR 1.00e-03
2025-10-19 12:10:45,901 - INFO - Epoch   4: Train Loss 0.158139, Val Loss 0.057753, LR 1.00e-03
2025-10-19 12:10:45,902 - INFO - Evaluating model...
2025-10-19 12:10:45,989 - INFO - Experiment completed in 0.6s
2025-10-19 12:10:45,989 - INFO - Test NDCG@5: 1.0000
2025-10-19 12:10:45,989 - INFO - Test Spearman: 1.0000
2025-10-19 12:10:45,993 - INFO - 
============================================================
2025-10-19 12:10:45,993 - INFO - Running head_only with 50 samples
2025-10-19 12:10:45,993 - INFO - ============================================================
2025-10-19 12:10:46,056 - INFO - Train samples: 50
2025-10-19 12:10:46,056 - INFO - Val samples: 9
2025-10-19 12:10:46,056 - INFO - Test samples: 15
2025-10-19 12:10:46,060 - INFO - Training with 307,873 trainable parameters (0.4129 of total)
2025-10-19 12:10:46,317 - INFO - Epoch   0: Train Loss 0.130599, Val Loss 0.057753, LR 1.00e-03
2025-10-19 12:10:46,909 - INFO - Epoch   4: Train Loss 0.102771, Val Loss 0.057753, LR 1.00e-03
2025-10-19 12:10:46,913 - INFO - Evaluating model...
2025-10-19 12:10:47,008 - INFO - Experiment completed in 1.0s
2025-10-19 12:10:47,008 - INFO - Test NDCG@5: 1.0000
2025-10-19 12:10:47,008 - INFO - Test Spearman: 1.0000
2025-10-19 12:10:47,008 - INFO - 
============================================================
2025-10-19 12:10:47,012 - INFO - Running adapters with 10 samples
2025-10-19 12:10:47,012 - INFO - ============================================================
2025-10-19 12:10:47,067 - INFO - Train samples: 10
2025-10-19 12:10:47,067 - INFO - Val samples: 9
2025-10-19 12:10:47,067 - INFO - Test samples: 15
2025-10-19 12:10:47,067 - INFO - Training with 332,929 trainable parameters (0.4320 of total)
2025-10-19 12:10:47,102 - ERROR - Experiment failed for adapters with 10 samples: mat1 and mat2 shapes cannot be multiplied (76x256 and 128x32)
2025-10-19 12:10:47,102 - INFO - 
============================================================
2025-10-19 12:10:47,102 - INFO - Running adapters with 25 samples
2025-10-19 12:10:47,102 - INFO - ============================================================
2025-10-19 12:10:47,162 - INFO - Train samples: 25
2025-10-19 12:10:47,162 - INFO - Val samples: 9
2025-10-19 12:10:47,162 - INFO - Test samples: 15
2025-10-19 12:10:47,162 - INFO - Training with 332,929 trainable parameters (0.4320 of total)
2025-10-19 12:10:47,187 - ERROR - Experiment failed for adapters with 25 samples: mat1 and mat2 shapes cannot be multiplied (155x256 and 128x32)
2025-10-19 12:10:47,187 - INFO - 
============================================================
2025-10-19 12:10:47,187 - INFO - Running adapters with 50 samples
2025-10-19 12:10:47,187 - INFO - ============================================================
2025-10-19 12:10:47,245 - INFO - Train samples: 50
2025-10-19 12:10:47,245 - INFO - Val samples: 9
2025-10-19 12:10:47,245 - INFO - Test samples: 15
2025-10-19 12:10:47,249 - INFO - Training with 332,929 trainable parameters (0.4320 of total)
2025-10-19 12:10:47,272 - ERROR - Experiment failed for adapters with 50 samples: mat1 and mat2 shapes cannot be multiplied (144x256 and 128x32)
2025-10-19 12:10:47,272 - INFO - 
============================================================
2025-10-19 12:10:47,274 - INFO - Running lora with 10 samples
2025-10-19 12:10:47,274 - INFO - ============================================================
2025-10-19 12:10:47,329 - INFO - Train samples: 10
2025-10-19 12:10:47,329 - INFO - Val samples: 9
2025-10-19 12:10:47,329 - INFO - Test samples: 15
2025-10-19 12:10:47,333 - INFO - Training with 331,425 trainable parameters (0.4309 of total)
2025-10-19 12:10:47,445 - INFO - Epoch   0: Train Loss 0.109815, Val Loss 0.057753, LR 1.00e-03
2025-10-19 12:10:47,725 - INFO - Epoch   4: Train Loss 0.141563, Val Loss 0.057753, LR 1.00e-03
2025-10-19 12:10:47,729 - INFO - Evaluating model...
2025-10-19 12:10:47,831 - INFO - Experiment completed in 0.6s
2025-10-19 12:10:47,831 - INFO - Test NDCG@5: 1.0000
2025-10-19 12:10:47,831 - INFO - Test Spearman: 1.0000
2025-10-19 12:10:47,835 - INFO - 
============================================================
2025-10-19 12:10:47,835 - INFO - Running lora with 25 samples
2025-10-19 12:10:47,835 - INFO - ============================================================
2025-10-19 12:10:47,893 - INFO - Train samples: 25
2025-10-19 12:10:47,893 - INFO - Val samples: 9
2025-10-19 12:10:47,893 - INFO - Test samples: 15
2025-10-19 12:10:47,893 - INFO - Training with 331,425 trainable parameters (0.4309 of total)
2025-10-19 12:10:48,035 - INFO - Epoch   0: Train Loss 0.112681, Val Loss 0.057753, LR 1.00e-03
2025-10-19 12:10:48,432 - INFO - Epoch   4: Train Loss 0.111074, Val Loss 0.057753, LR 1.00e-03
2025-10-19 12:10:48,436 - INFO - Evaluating model...
2025-10-19 12:10:48,532 - INFO - Experiment completed in 0.7s
2025-10-19 12:10:48,532 - INFO - Test NDCG@5: 1.0000
2025-10-19 12:10:48,532 - INFO - Test Spearman: 1.0000
2025-10-19 12:10:48,534 - INFO - 
============================================================
2025-10-19 12:10:48,534 - INFO - Running lora with 50 samples
2025-10-19 12:10:48,534 - INFO - ============================================================
2025-10-19 12:10:48,590 - INFO - Train samples: 50
2025-10-19 12:10:48,590 - INFO - Val samples: 9
2025-10-19 12:10:48,590 - INFO - Test samples: 15
2025-10-19 12:10:48,590 - INFO - Training with 331,425 trainable parameters (0.4309 of total)
2025-10-19 12:10:48,836 - INFO - Epoch   0: Train Loss 0.110286, Val Loss 0.057753, LR 1.00e-03
2025-10-19 12:10:49,559 - INFO - Epoch   4: Train Loss 0.137638, Val Loss 0.057753, LR 1.00e-03
2025-10-19 12:10:49,559 - INFO - Evaluating model...
2025-10-19 12:10:49,668 - INFO - Experiment completed in 1.1s
2025-10-19 12:10:49,670 - INFO - Test NDCG@5: 1.0000
2025-10-19 12:10:49,670 - INFO - Test Spearman: 1.0000
2025-10-19 12:10:49,676 - INFO - Analyzing experimental results...
2025-10-19 12:10:49,680 - INFO - 
All experiments completed!
2025-10-19 12:10:49,680 - INFO - Results saved to: results\fewshot_experiments\all_experiments.json
2025-10-19 12:10:49,682 - INFO - Analysis saved to: results\fewshot_experiments\analysis.json
2025-10-19 12:14:18,976 - INFO - Creating few-shot splits...
2025-10-19 12:14:18,991 - INFO - Created few-shot splits for sizes: [10, 25, 50]
2025-10-19 12:14:18,991 - INFO - 
============================================================
2025-10-19 12:14:18,991 - INFO - Running head_only with 10 samples
2025-10-19 12:14:18,993 - INFO - ============================================================
2025-10-19 12:14:19,312 - INFO - Train samples: 10
2025-10-19 12:14:19,312 - INFO - Val samples: 9
2025-10-19 12:14:19,312 - INFO - Test samples: 15
2025-10-19 12:14:19,315 - INFO - Training with 307,873 trainable parameters (0.4129 of total)
2025-10-19 12:14:19,315 - ERROR - Experiment failed for head_only with 10 samples: ReduceLROnPlateau.__init__() got an unexpected keyword argument 'verbose'
2025-10-19 12:14:19,315 - INFO - 
============================================================
2025-10-19 12:14:19,317 - INFO - Running head_only with 25 samples
2025-10-19 12:14:19,317 - INFO - ============================================================
2025-10-19 12:14:19,386 - INFO - Train samples: 25
2025-10-19 12:14:19,388 - INFO - Val samples: 9
2025-10-19 12:14:19,388 - INFO - Test samples: 15
2025-10-19 12:14:19,389 - INFO - Training with 307,873 trainable parameters (0.4129 of total)
2025-10-19 12:14:19,389 - ERROR - Experiment failed for head_only with 25 samples: ReduceLROnPlateau.__init__() got an unexpected keyword argument 'verbose'
2025-10-19 12:14:19,389 - INFO - 
============================================================
2025-10-19 12:14:19,389 - INFO - Running head_only with 50 samples
2025-10-19 12:14:19,391 - INFO - ============================================================
2025-10-19 12:14:19,455 - INFO - Train samples: 50
2025-10-19 12:14:19,455 - INFO - Val samples: 9
2025-10-19 12:14:19,455 - INFO - Test samples: 15
2025-10-19 12:14:19,458 - INFO - Training with 307,873 trainable parameters (0.4129 of total)
2025-10-19 12:14:19,458 - ERROR - Experiment failed for head_only with 50 samples: ReduceLROnPlateau.__init__() got an unexpected keyword argument 'verbose'
2025-10-19 12:14:19,458 - INFO - 
============================================================
2025-10-19 12:14:19,458 - INFO - Running adapters with 10 samples
2025-10-19 12:14:19,460 - INFO - ============================================================
2025-10-19 12:14:19,540 - INFO - Train samples: 10
2025-10-19 12:14:19,542 - INFO - Val samples: 9
2025-10-19 12:14:19,542 - INFO - Test samples: 15
2025-10-19 12:14:19,544 - INFO - Training with 332,929 trainable parameters (0.4320 of total)
2025-10-19 12:14:19,544 - ERROR - Experiment failed for adapters with 10 samples: ReduceLROnPlateau.__init__() got an unexpected keyword argument 'verbose'
2025-10-19 12:14:19,544 - INFO - 
============================================================
2025-10-19 12:14:19,545 - INFO - Running adapters with 25 samples
2025-10-19 12:14:19,545 - INFO - ============================================================
2025-10-19 12:14:19,620 - INFO - Train samples: 25
2025-10-19 12:14:19,620 - INFO - Val samples: 9
2025-10-19 12:14:19,620 - INFO - Test samples: 15
2025-10-19 12:14:19,623 - INFO - Training with 332,929 trainable parameters (0.4320 of total)
2025-10-19 12:14:19,623 - ERROR - Experiment failed for adapters with 25 samples: ReduceLROnPlateau.__init__() got an unexpected keyword argument 'verbose'
2025-10-19 12:14:19,624 - INFO - 
============================================================
2025-10-19 12:14:19,624 - INFO - Running adapters with 50 samples
2025-10-19 12:14:19,624 - INFO - ============================================================
2025-10-19 12:14:19,692 - INFO - Train samples: 50
2025-10-19 12:14:19,692 - INFO - Val samples: 9
2025-10-19 12:14:19,692 - INFO - Test samples: 15
2025-10-19 12:14:19,694 - INFO - Training with 332,929 trainable parameters (0.4320 of total)
2025-10-19 12:14:19,694 - ERROR - Experiment failed for adapters with 50 samples: ReduceLROnPlateau.__init__() got an unexpected keyword argument 'verbose'
2025-10-19 12:14:19,694 - INFO - 
============================================================
2025-10-19 12:14:19,694 - INFO - Running lora with 10 samples
2025-10-19 12:14:19,696 - INFO - ============================================================
2025-10-19 12:14:19,778 - INFO - Train samples: 10
2025-10-19 12:14:19,779 - INFO - Val samples: 9
2025-10-19 12:14:19,779 - INFO - Test samples: 15
2025-10-19 12:14:19,779 - INFO - Training with 331,425 trainable parameters (0.4309 of total)
2025-10-19 12:14:19,779 - ERROR - Experiment failed for lora with 10 samples: ReduceLROnPlateau.__init__() got an unexpected keyword argument 'verbose'
2025-10-19 12:14:19,779 - INFO - 
============================================================
2025-10-19 12:14:19,779 - INFO - Running lora with 25 samples
2025-10-19 12:14:19,779 - INFO - ============================================================
2025-10-19 12:14:19,843 - INFO - Train samples: 25
2025-10-19 12:14:19,846 - INFO - Val samples: 9
2025-10-19 12:14:19,846 - INFO - Test samples: 15
2025-10-19 12:14:19,846 - INFO - Training with 331,425 trainable parameters (0.4309 of total)
2025-10-19 12:14:19,847 - ERROR - Experiment failed for lora with 25 samples: ReduceLROnPlateau.__init__() got an unexpected keyword argument 'verbose'
2025-10-19 12:14:19,847 - INFO - 
============================================================
2025-10-19 12:14:19,847 - INFO - Running lora with 50 samples
2025-10-19 12:14:19,847 - INFO - ============================================================
2025-10-19 12:14:19,911 - INFO - Train samples: 50
2025-10-19 12:14:19,911 - INFO - Val samples: 9
2025-10-19 12:14:19,913 - INFO - Test samples: 15
2025-10-19 12:14:19,913 - INFO - Training with 331,425 trainable parameters (0.4309 of total)
2025-10-19 12:14:19,913 - ERROR - Experiment failed for lora with 50 samples: ReduceLROnPlateau.__init__() got an unexpected keyword argument 'verbose'
2025-10-19 12:14:19,915 - INFO - Analyzing experimental results...
2025-10-19 12:14:19,915 - INFO - 
All experiments completed!
2025-10-19 12:14:19,915 - INFO - Results saved to: results\fewshot_experiments\all_experiments.json
2025-10-19 12:14:19,915 - INFO - Analysis saved to: results\fewshot_experiments\analysis.json
2025-10-19 12:16:28,001 - INFO - Creating few-shot splits...
2025-10-19 12:16:28,001 - INFO - Created few-shot splits for sizes: [10]
2025-10-19 12:16:28,005 - INFO - 
============================================================
2025-10-19 12:16:28,005 - INFO - Running head_only with 10 samples
2025-10-19 12:16:28,005 - INFO - ============================================================
2025-10-19 12:16:28,152 - INFO - Train samples: 10
2025-10-19 12:16:28,152 - INFO - Val samples: 9
2025-10-19 12:16:28,152 - INFO - Test samples: 15
2025-10-19 12:16:28,152 - INFO - Training with 307,873 trainable parameters (0.4129 of total)
2025-10-19 12:16:28,442 - INFO - Epoch   0: Train Loss 0.105810, Val Loss 0.057753, LR 1.00e-03
2025-10-19 12:16:28,527 - INFO - Epoch   4: Train Loss 0.124551, Val Loss 0.057753, LR 1.00e-03
2025-10-19 12:16:28,527 - INFO - Evaluating model...
2025-10-19 12:16:28,563 - INFO - Experiment completed in 0.6s
2025-10-19 12:16:28,563 - INFO - Test NDCG@5: 1.0000
2025-10-19 12:16:28,563 - INFO - Test Spearman: 1.0000
2025-10-19 12:16:28,565 - INFO - 
============================================================
2025-10-19 12:16:28,565 - INFO - Running adapters with 10 samples
2025-10-19 12:16:28,565 - INFO - ============================================================
2025-10-19 12:16:28,591 - INFO - Train samples: 10
2025-10-19 12:16:28,591 - INFO - Val samples: 9
2025-10-19 12:16:28,591 - INFO - Test samples: 15
2025-10-19 12:16:28,591 - INFO - Training with 332,929 trainable parameters (0.4320 of total)
2025-10-19 12:16:28,603 - ERROR - Experiment failed for adapters with 10 samples: mat1 and mat2 shapes cannot be multiplied (76x256 and 128x32)
2025-10-19 12:16:28,603 - INFO - 
============================================================
2025-10-19 12:16:28,603 - INFO - Running lora with 10 samples
2025-10-19 12:16:28,603 - INFO - ============================================================
2025-10-19 12:16:28,628 - INFO - Train samples: 10
2025-10-19 12:16:28,628 - INFO - Val samples: 9
2025-10-19 12:16:28,628 - INFO - Test samples: 15
2025-10-19 12:16:28,628 - INFO - Training with 331,425 trainable parameters (0.4309 of total)
2025-10-19 12:16:28,660 - INFO - Epoch   0: Train Loss 0.106806, Val Loss 0.057753, LR 1.00e-03
2025-10-19 12:16:28,754 - INFO - Epoch   4: Train Loss 0.100174, Val Loss 0.057753, LR 1.00e-03
2025-10-19 12:16:28,754 - INFO - Evaluating model...
2025-10-19 12:16:28,791 - INFO - Experiment completed in 0.2s
2025-10-19 12:16:28,791 - INFO - Test NDCG@5: 1.0000
2025-10-19 12:16:28,791 - INFO - Test Spearman: 1.0000
2025-10-19 12:16:28,795 - INFO - Analyzing experimental results...
2025-10-19 12:16:28,795 - INFO - 
All experiments completed!
2025-10-19 12:16:28,795 - INFO - Results saved to: results\fewshot_experiments\all_experiments.json
2025-10-19 12:16:28,795 - INFO - Analysis saved to: results\fewshot_experiments\analysis.json
2025-10-19 12:16:39,755 - INFO - Creating few-shot splits...
2025-10-19 12:16:39,763 - INFO - Created few-shot splits for sizes: [10, 25, 50]
2025-10-19 12:16:39,763 - INFO - 
============================================================
2025-10-19 12:16:39,763 - INFO - Running head_only with 10 samples
2025-10-19 12:16:39,763 - INFO - ============================================================
2025-10-19 12:16:39,877 - INFO - Train samples: 10
2025-10-19 12:16:39,877 - INFO - Val samples: 9
2025-10-19 12:16:39,881 - INFO - Test samples: 15
2025-10-19 12:16:39,881 - INFO - Training with 307,873 trainable parameters (0.4129 of total)
2025-10-19 12:16:40,476 - INFO - Epoch   0: Train Loss 0.120137, Val Loss 0.057753, LR 1.00e-03
2025-10-19 12:16:40,587 - INFO - Epoch   5: Train Loss 0.099030, Val Loss 0.057753, LR 1.00e-03
2025-10-19 12:16:40,703 - INFO - Epoch  10: Train Loss 0.136875, Val Loss 0.057753, LR 5.00e-04
2025-10-19 12:16:40,703 - INFO - Early stopping at epoch 10
2025-10-19 12:16:40,705 - INFO - Evaluating model...
2025-10-19 12:16:40,770 - INFO - Experiment completed in 1.0s
2025-10-19 12:16:40,770 - INFO - Test NDCG@5: 1.0000
2025-10-19 12:16:40,770 - INFO - Test Spearman: 1.0000
2025-10-19 12:16:40,770 - INFO - 
============================================================
2025-10-19 12:16:40,770 - INFO - Running head_only with 25 samples
2025-10-19 12:16:40,770 - INFO - ============================================================
2025-10-19 12:16:40,796 - INFO - Train samples: 25
2025-10-19 12:16:40,796 - INFO - Val samples: 9
2025-10-19 12:16:40,796 - INFO - Test samples: 15
2025-10-19 12:16:40,798 - INFO - Training with 307,873 trainable parameters (0.4129 of total)
2025-10-19 12:16:40,852 - INFO - Epoch   0: Train Loss 0.114155, Val Loss 0.057753, LR 1.00e-03
2025-10-19 12:16:41,034 - INFO - Epoch   5: Train Loss 0.116696, Val Loss 0.057753, LR 1.00e-03
2025-10-19 12:16:41,224 - INFO - Epoch  10: Train Loss 0.112016, Val Loss 0.057753, LR 5.00e-04
2025-10-19 12:16:41,224 - INFO - Early stopping at epoch 10
2025-10-19 12:16:41,224 - INFO - Evaluating model...
2025-10-19 12:16:41,265 - INFO - Experiment completed in 0.5s
2025-10-19 12:16:41,265 - INFO - Test NDCG@5: 1.0000
2025-10-19 12:16:41,265 - INFO - Test Spearman: 1.0000
2025-10-19 12:16:41,265 - INFO - 
============================================================
2025-10-19 12:16:41,265 - INFO - Running head_only with 50 samples
2025-10-19 12:16:41,265 - INFO - ============================================================
2025-10-19 12:16:41,294 - INFO - Train samples: 50
2025-10-19 12:16:41,294 - INFO - Val samples: 9
2025-10-19 12:16:41,294 - INFO - Test samples: 15
2025-10-19 12:16:41,294 - INFO - Training with 307,873 trainable parameters (0.4129 of total)
2025-10-19 12:16:41,386 - INFO - Epoch   0: Train Loss 0.111846, Val Loss 0.057753, LR 1.00e-03
2025-10-19 12:16:41,709 - INFO - Epoch   5: Train Loss 0.132369, Val Loss 0.057753, LR 1.00e-03
2025-10-19 12:16:42,022 - INFO - Epoch  10: Train Loss 0.096076, Val Loss 0.057753, LR 5.00e-04
2025-10-19 12:16:42,022 - INFO - Early stopping at epoch 10
2025-10-19 12:16:42,027 - INFO - Evaluating model...
2025-10-19 12:16:42,068 - INFO - Experiment completed in 0.8s
2025-10-19 12:16:42,068 - INFO - Test NDCG@5: 1.0000
2025-10-19 12:16:42,068 - INFO - Test Spearman: 1.0000
2025-10-19 12:16:42,068 - INFO - 
============================================================
2025-10-19 12:16:42,068 - INFO - Running adapters with 10 samples
2025-10-19 12:16:42,068 - INFO - ============================================================
2025-10-19 12:16:42,097 - INFO - Train samples: 10
2025-10-19 12:16:42,097 - INFO - Val samples: 9
2025-10-19 12:16:42,097 - INFO - Test samples: 15
2025-10-19 12:16:42,097 - INFO - Training with 332,929 trainable parameters (0.4320 of total)
2025-10-19 12:16:42,118 - ERROR - Experiment failed for adapters with 10 samples: mat1 and mat2 shapes cannot be multiplied (76x256 and 128x32)
2025-10-19 12:16:42,118 - INFO - 
============================================================
2025-10-19 12:16:42,118 - INFO - Running adapters with 25 samples
2025-10-19 12:16:42,118 - INFO - ============================================================
2025-10-19 12:16:42,143 - INFO - Train samples: 25
2025-10-19 12:16:42,143 - INFO - Val samples: 9
2025-10-19 12:16:42,143 - INFO - Test samples: 15
2025-10-19 12:16:42,143 - INFO - Training with 332,929 trainable parameters (0.4320 of total)
2025-10-19 12:16:42,160 - ERROR - Experiment failed for adapters with 25 samples: mat1 and mat2 shapes cannot be multiplied (150x256 and 128x32)
2025-10-19 12:16:42,160 - INFO - 
============================================================
2025-10-19 12:16:42,160 - INFO - Running adapters with 50 samples
2025-10-19 12:16:42,160 - INFO - ============================================================
2025-10-19 12:16:42,185 - INFO - Train samples: 50
2025-10-19 12:16:42,185 - INFO - Val samples: 9
2025-10-19 12:16:42,185 - INFO - Test samples: 15
2025-10-19 12:16:42,189 - INFO - Training with 332,929 trainable parameters (0.4320 of total)
2025-10-19 12:16:42,201 - ERROR - Experiment failed for adapters with 50 samples: mat1 and mat2 shapes cannot be multiplied (145x256 and 128x32)
2025-10-19 12:16:42,201 - INFO - 
============================================================
2025-10-19 12:16:42,201 - INFO - Running lora with 10 samples
2025-10-19 12:16:42,201 - INFO - ============================================================
2025-10-19 12:16:42,226 - INFO - Train samples: 10
2025-10-19 12:16:42,226 - INFO - Val samples: 9
2025-10-19 12:16:42,226 - INFO - Test samples: 15
2025-10-19 12:16:42,226 - INFO - Training with 331,425 trainable parameters (0.4309 of total)
2025-10-19 12:16:42,270 - INFO - Epoch   0: Train Loss 0.119190, Val Loss 0.057753, LR 1.00e-03
2025-10-19 12:16:42,395 - INFO - Epoch   5: Train Loss 0.124571, Val Loss 0.057753, LR 1.00e-03
2025-10-19 12:16:42,535 - INFO - Epoch  10: Train Loss 0.116596, Val Loss 0.057753, LR 5.00e-04
2025-10-19 12:16:42,535 - INFO - Early stopping at epoch 10
2025-10-19 12:16:42,535 - INFO - Evaluating model...
2025-10-19 12:16:42,582 - INFO - Experiment completed in 0.4s
2025-10-19 12:16:42,582 - INFO - Test NDCG@5: 1.0000
2025-10-19 12:16:42,582 - INFO - Test Spearman: 1.0000
2025-10-19 12:16:42,582 - INFO - 
============================================================
2025-10-19 12:16:42,582 - INFO - Running lora with 25 samples
2025-10-19 12:16:42,582 - INFO - ============================================================
2025-10-19 12:16:42,609 - INFO - Train samples: 25
2025-10-19 12:16:42,609 - INFO - Val samples: 9
2025-10-19 12:16:42,609 - INFO - Test samples: 15
2025-10-19 12:16:42,609 - INFO - Training with 331,425 trainable parameters (0.4309 of total)
2025-10-19 12:16:42,672 - INFO - Epoch   0: Train Loss 0.111102, Val Loss 0.057753, LR 1.00e-03
2025-10-19 12:16:42,890 - INFO - Epoch   5: Train Loss 0.122708, Val Loss 0.057753, LR 1.00e-03
2025-10-19 12:16:43,098 - INFO - Epoch  10: Train Loss 0.113318, Val Loss 0.057753, LR 5.00e-04
2025-10-19 12:16:43,098 - INFO - Early stopping at epoch 10
2025-10-19 12:16:43,098 - INFO - Evaluating model...
2025-10-19 12:16:43,141 - INFO - Experiment completed in 0.6s
2025-10-19 12:16:43,143 - INFO - Test NDCG@5: 1.0000
2025-10-19 12:16:43,143 - INFO - Test Spearman: 1.0000
2025-10-19 12:16:43,143 - INFO - 
============================================================
2025-10-19 12:16:43,143 - INFO - Running lora with 50 samples
2025-10-19 12:16:43,143 - INFO - ============================================================
2025-10-19 12:16:43,172 - INFO - Train samples: 50
2025-10-19 12:16:43,172 - INFO - Val samples: 9
2025-10-19 12:16:43,172 - INFO - Test samples: 15
2025-10-19 12:16:43,172 - INFO - Training with 331,425 trainable parameters (0.4309 of total)
2025-10-19 12:16:43,274 - INFO - Epoch   0: Train Loss 0.117368, Val Loss 0.057753, LR 1.00e-03
2025-10-19 12:16:43,638 - INFO - Epoch   5: Train Loss 0.097653, Val Loss 0.057753, LR 1.00e-03
2025-10-19 12:16:43,997 - INFO - Epoch  10: Train Loss 0.113147, Val Loss 0.057753, LR 5.00e-04
2025-10-19 12:16:43,997 - INFO - Early stopping at epoch 10
2025-10-19 12:16:44,001 - INFO - Evaluating model...
2025-10-19 12:16:44,045 - INFO - Experiment completed in 0.9s
2025-10-19 12:16:44,045 - INFO - Test NDCG@5: 1.0000
2025-10-19 12:16:44,045 - INFO - Test Spearman: 1.0000
2025-10-19 12:16:44,049 - INFO - Analyzing experimental results...
2025-10-19 12:16:44,049 - INFO - 
All experiments completed!
2025-10-19 12:16:44,049 - INFO - Results saved to: results\fewshot_experiments\all_experiments.json
2025-10-19 12:16:44,049 - INFO - Analysis saved to: results\fewshot_experiments\analysis.json
2025-10-19 12:17:11,022 - INFO - Creating few-shot splits...
2025-10-19 12:17:11,024 - INFO - Created few-shot splits for sizes: [10, 25, 50]
2025-10-19 12:17:11,029 - INFO - 
============================================================
2025-10-19 12:17:11,029 - INFO - Running head_only with 10 samples
2025-10-19 12:17:11,029 - INFO - ============================================================
2025-10-19 12:17:11,137 - INFO - Train samples: 10
2025-10-19 12:17:11,137 - INFO - Val samples: 9
2025-10-19 12:17:11,137 - INFO - Test samples: 15
2025-10-19 12:17:11,137 - INFO - Training with 307,873 trainable parameters (0.4129 of total)
2025-10-19 12:17:11,480 - INFO - Epoch   0: Train Loss 0.105265, Val Loss 0.057753, LR 1.00e-03
2025-10-19 12:17:11,591 - INFO - Epoch   5: Train Loss 0.100697, Val Loss 0.057753, LR 1.00e-03
2025-10-19 12:17:11,701 - INFO - Epoch  10: Train Loss 0.122890, Val Loss 0.057753, LR 5.00e-04
2025-10-19 12:17:11,701 - INFO - Early stopping at epoch 10
2025-10-19 12:17:11,701 - INFO - Evaluating model...
2025-10-19 12:17:11,748 - INFO - Experiment completed in 0.7s
2025-10-19 12:17:11,748 - INFO - Test NDCG@5: 1.0000
2025-10-19 12:17:11,748 - INFO - Test Spearman: 1.0000
2025-10-19 12:17:11,748 - INFO - 
============================================================
2025-10-19 12:17:11,748 - INFO - Running head_only with 25 samples
2025-10-19 12:17:11,748 - INFO - ============================================================
2025-10-19 12:17:11,780 - INFO - Train samples: 25
2025-10-19 12:17:11,780 - INFO - Val samples: 9
2025-10-19 12:17:11,780 - INFO - Test samples: 15
2025-10-19 12:17:11,780 - INFO - Training with 307,873 trainable parameters (0.4129 of total)
2025-10-19 12:17:11,837 - INFO - Epoch   0: Train Loss 0.120477, Val Loss 0.057753, LR 1.00e-03
2025-10-19 12:17:12,025 - INFO - Epoch   5: Train Loss 0.114831, Val Loss 0.057753, LR 1.00e-03
2025-10-19 12:17:12,205 - INFO - Epoch  10: Train Loss 0.119215, Val Loss 0.057753, LR 5.00e-04
2025-10-19 12:17:12,205 - INFO - Early stopping at epoch 10
2025-10-19 12:17:12,205 - INFO - Evaluating model...
2025-10-19 12:17:12,248 - INFO - Experiment completed in 0.5s
2025-10-19 12:17:12,248 - INFO - Test NDCG@5: 1.0000
2025-10-19 12:17:12,248 - INFO - Test Spearman: 1.0000
2025-10-19 12:17:12,250 - INFO - 
============================================================
2025-10-19 12:17:12,250 - INFO - Running head_only with 50 samples
2025-10-19 12:17:12,250 - INFO - ============================================================
2025-10-19 12:17:12,274 - INFO - Train samples: 50
2025-10-19 12:17:12,274 - INFO - Val samples: 9
2025-10-19 12:17:12,274 - INFO - Test samples: 15
2025-10-19 12:17:12,274 - INFO - Training with 307,873 trainable parameters (0.4129 of total)
2025-10-19 12:17:12,368 - INFO - Epoch   0: Train Loss 0.106413, Val Loss 0.057753, LR 1.00e-03
2025-10-19 12:17:12,676 - INFO - Epoch   5: Train Loss 0.128450, Val Loss 0.057753, LR 1.00e-03
2025-10-19 12:17:12,980 - INFO - Epoch  10: Train Loss 0.104996, Val Loss 0.057753, LR 5.00e-04
2025-10-19 12:17:12,980 - INFO - Early stopping at epoch 10
2025-10-19 12:17:12,984 - INFO - Evaluating model...
2025-10-19 12:17:13,025 - INFO - Experiment completed in 0.8s
2025-10-19 12:17:13,025 - INFO - Test NDCG@5: 1.0000
2025-10-19 12:17:13,025 - INFO - Test Spearman: 1.0000
2025-10-19 12:17:13,025 - INFO - 
============================================================
2025-10-19 12:17:13,025 - INFO - Running adapters with 10 samples
2025-10-19 12:17:13,025 - INFO - ============================================================
2025-10-19 12:17:13,054 - INFO - Train samples: 10
2025-10-19 12:17:13,054 - INFO - Val samples: 9
2025-10-19 12:17:13,054 - INFO - Test samples: 15
2025-10-19 12:17:13,054 - INFO - Training with 332,929 trainable parameters (0.4320 of total)
2025-10-19 12:17:13,066 - ERROR - Experiment failed for adapters with 10 samples: mat1 and mat2 shapes cannot be multiplied (76x256 and 128x32)
2025-10-19 12:17:13,066 - INFO - 
============================================================
2025-10-19 12:17:13,066 - INFO - Running adapters with 25 samples
2025-10-19 12:17:13,066 - INFO - ============================================================
2025-10-19 12:17:13,091 - INFO - Train samples: 25
2025-10-19 12:17:13,091 - INFO - Val samples: 9
2025-10-19 12:17:13,091 - INFO - Test samples: 15
2025-10-19 12:17:13,091 - INFO - Training with 332,929 trainable parameters (0.4320 of total)
2025-10-19 12:17:13,104 - ERROR - Experiment failed for adapters with 25 samples: mat1 and mat2 shapes cannot be multiplied (143x256 and 128x32)
2025-10-19 12:17:13,104 - INFO - 
============================================================
2025-10-19 12:17:13,104 - INFO - Running adapters with 50 samples
2025-10-19 12:17:13,104 - INFO - ============================================================
2025-10-19 12:17:13,133 - INFO - Train samples: 50
2025-10-19 12:17:13,133 - INFO - Val samples: 9
2025-10-19 12:17:13,133 - INFO - Test samples: 15
2025-10-19 12:17:13,133 - INFO - Training with 332,929 trainable parameters (0.4320 of total)
2025-10-19 12:17:13,146 - ERROR - Experiment failed for adapters with 50 samples: mat1 and mat2 shapes cannot be multiplied (150x256 and 128x32)
2025-10-19 12:17:13,146 - INFO - 
============================================================
2025-10-19 12:17:13,146 - INFO - Running lora with 10 samples
2025-10-19 12:17:13,146 - INFO - ============================================================
2025-10-19 12:17:13,175 - INFO - Train samples: 10
2025-10-19 12:17:13,175 - INFO - Val samples: 9
2025-10-19 12:17:13,175 - INFO - Test samples: 15
2025-10-19 12:17:13,175 - INFO - Training with 331,425 trainable parameters (0.4309 of total)
2025-10-19 12:17:13,211 - INFO - Epoch   0: Train Loss 0.120222, Val Loss 0.057753, LR 1.00e-03
2025-10-19 12:17:13,342 - INFO - Epoch   5: Train Loss 0.130078, Val Loss 0.057753, LR 1.00e-03
2025-10-19 12:17:13,471 - INFO - Epoch  10: Train Loss 0.109751, Val Loss 0.057753, LR 5.00e-04
2025-10-19 12:17:13,471 - INFO - Early stopping at epoch 10
2025-10-19 12:17:13,471 - INFO - Evaluating model...
2025-10-19 12:17:13,516 - INFO - Experiment completed in 0.4s
2025-10-19 12:17:13,516 - INFO - Test NDCG@5: 1.0000
2025-10-19 12:17:13,516 - INFO - Test Spearman: 1.0000
2025-10-19 12:17:13,516 - INFO - 
============================================================
2025-10-19 12:17:13,516 - INFO - Running lora with 25 samples
2025-10-19 12:17:13,516 - INFO - ============================================================
2025-10-19 12:17:13,544 - INFO - Train samples: 25
2025-10-19 12:17:13,544 - INFO - Val samples: 9
2025-10-19 12:17:13,544 - INFO - Test samples: 15
2025-10-19 12:17:13,546 - INFO - Training with 331,425 trainable parameters (0.4309 of total)
2025-10-19 12:17:13,604 - INFO - Epoch   0: Train Loss 0.114924, Val Loss 0.057753, LR 1.00e-03
2025-10-19 12:17:13,807 - INFO - Epoch   5: Train Loss 0.121233, Val Loss 0.057753, LR 1.00e-03
2025-10-19 12:17:14,017 - INFO - Epoch  10: Train Loss 0.116402, Val Loss 0.057753, LR 5.00e-04
2025-10-19 12:17:14,021 - INFO - Early stopping at epoch 10
2025-10-19 12:17:14,021 - INFO - Evaluating model...
2025-10-19 12:17:14,063 - INFO - Experiment completed in 0.5s
2025-10-19 12:17:14,063 - INFO - Test NDCG@5: 1.0000
2025-10-19 12:17:14,063 - INFO - Test Spearman: 1.0000
2025-10-19 12:17:14,067 - INFO - 
============================================================
2025-10-19 12:17:14,067 - INFO - Running lora with 50 samples
2025-10-19 12:17:14,067 - INFO - ============================================================
2025-10-19 12:17:14,092 - INFO - Train samples: 50
2025-10-19 12:17:14,092 - INFO - Val samples: 9
2025-10-19 12:17:14,092 - INFO - Test samples: 15
2025-10-19 12:17:14,092 - INFO - Training with 331,425 trainable parameters (0.4309 of total)
2025-10-19 12:17:14,200 - INFO - Epoch   0: Train Loss 0.111243, Val Loss 0.057753, LR 1.00e-03
2025-10-19 12:17:14,568 - INFO - Epoch   5: Train Loss 0.170264, Val Loss 0.057753, LR 1.00e-03
2025-10-19 12:17:14,923 - INFO - Epoch  10: Train Loss 0.151841, Val Loss 0.057753, LR 5.00e-04
2025-10-19 12:17:14,923 - INFO - Early stopping at epoch 10
2025-10-19 12:17:14,927 - INFO - Evaluating model...
2025-10-19 12:17:14,972 - INFO - Experiment completed in 0.9s
2025-10-19 12:17:14,972 - INFO - Test NDCG@5: 1.0000
2025-10-19 12:17:14,972 - INFO - Test Spearman: 1.0000
2025-10-19 12:17:14,972 - INFO - Analyzing experimental results...
2025-10-19 12:17:14,972 - INFO - 
All experiments completed!
2025-10-19 12:17:14,972 - INFO - Results saved to: results\fewshot_experiments\all_experiments.json
2025-10-19 12:17:14,972 - INFO - Analysis saved to: results\fewshot_experiments\analysis.json
2025-10-19 12:18:08,907 - INFO - Creating few-shot splits...
2025-10-19 12:18:08,911 - INFO - Created few-shot splits for sizes: [10]
2025-10-19 12:18:08,911 - INFO - 
============================================================
2025-10-19 12:18:08,911 - INFO - Running adapters with 10 samples
2025-10-19 12:18:08,911 - INFO - ============================================================
2025-10-19 12:18:09,013 - INFO - Train samples: 10
2025-10-19 12:18:09,013 - INFO - Val samples: 9
2025-10-19 12:18:09,013 - INFO - Test samples: 15
2025-10-19 12:18:09,013 - INFO - Training with 357,889 trainable parameters (0.4498 of total)
2025-10-19 12:18:09,240 - INFO - Epoch   0: Train Loss 0.117712, Val Loss 0.057753, LR 1.00e-03
2025-10-19 12:18:09,321 - INFO - Epoch   4: Train Loss 0.111143, Val Loss 0.057753, LR 1.00e-03
2025-10-19 12:18:09,324 - INFO - Evaluating model...
2025-10-19 12:18:09,360 - INFO - Experiment completed in 0.4s
2025-10-19 12:18:09,360 - INFO - Test NDCG@5: 1.0000
2025-10-19 12:18:09,360 - INFO - Test Spearman: 1.0000
2025-10-19 12:18:09,365 - INFO - Analyzing experimental results...
2025-10-19 12:18:09,365 - INFO - 
All experiments completed!
2025-10-19 12:18:09,365 - INFO - Results saved to: results\fewshot_experiments\all_experiments.json
2025-10-19 12:18:09,365 - INFO - Analysis saved to: results\fewshot_experiments\analysis.json
2025-10-19 17:01:19,546 - INFO - Creating few-shot splits...
2025-10-19 17:01:19,554 - INFO - Created few-shot splits for sizes: [10, 25, 50]
2025-10-19 17:01:19,554 - INFO - 
============================================================
2025-10-19 17:01:19,554 - INFO - Running head_only with 10 samples
2025-10-19 17:01:19,556 - INFO - ============================================================
2025-10-19 17:01:19,745 - INFO - Train samples: 10
2025-10-19 17:01:19,745 - INFO - Val samples: 9
2025-10-19 17:01:19,745 - INFO - Test samples: 15
2025-10-19 17:01:19,745 - INFO - Training with 307,873 trainable parameters (0.4129 of total)
2025-10-19 17:01:20,300 - INFO - Epoch   0: Train Loss 0.111134, Val Loss 0.057753, LR 1.00e-03
2025-10-19 17:01:20,403 - INFO - Epoch   5: Train Loss 0.107966, Val Loss 0.057753, LR 1.00e-03
2025-10-19 17:01:20,506 - INFO - Epoch  10: Train Loss 0.116608, Val Loss 0.057753, LR 5.00e-04
2025-10-19 17:01:20,506 - INFO - Early stopping at epoch 10
2025-10-19 17:01:20,506 - INFO - Evaluating model...
2025-10-19 17:01:20,572 - INFO - Experiment completed in 1.0s
2025-10-19 17:01:20,572 - INFO - Test NDCG@5: 1.0000
2025-10-19 17:01:20,572 - INFO - Test Spearman: 1.0000
2025-10-19 17:01:20,572 - INFO - 
============================================================
2025-10-19 17:01:20,572 - INFO - Running head_only with 25 samples
2025-10-19 17:01:20,572 - INFO - ============================================================
2025-10-19 17:01:20,597 - INFO - Train samples: 25
2025-10-19 17:01:20,597 - INFO - Val samples: 9
2025-10-19 17:01:20,597 - INFO - Test samples: 15
2025-10-19 17:01:20,600 - INFO - Training with 307,873 trainable parameters (0.4129 of total)
2025-10-19 17:01:20,658 - INFO - Epoch   0: Train Loss 0.114934, Val Loss 0.057753, LR 1.00e-03
2025-10-19 17:01:20,839 - INFO - Epoch   5: Train Loss 0.122041, Val Loss 0.057753, LR 1.00e-03
2025-10-19 17:01:21,010 - INFO - Epoch  10: Train Loss 0.120308, Val Loss 0.057753, LR 5.00e-04
2025-10-19 17:01:21,010 - INFO - Early stopping at epoch 10
2025-10-19 17:01:21,010 - INFO - Evaluating model...
2025-10-19 17:01:21,052 - INFO - Experiment completed in 0.5s
2025-10-19 17:01:21,052 - INFO - Test NDCG@5: 1.0000
2025-10-19 17:01:21,052 - INFO - Test Spearman: 1.0000
2025-10-19 17:01:21,056 - INFO - 
============================================================
2025-10-19 17:01:21,056 - INFO - Running head_only with 50 samples
2025-10-19 17:01:21,056 - INFO - ============================================================
2025-10-19 17:01:21,080 - INFO - Train samples: 50
2025-10-19 17:01:21,080 - INFO - Val samples: 9
2025-10-19 17:01:21,080 - INFO - Test samples: 15
2025-10-19 17:01:21,080 - INFO - Training with 307,873 trainable parameters (0.4129 of total)
2025-10-19 17:01:21,177 - INFO - Epoch   0: Train Loss 0.103595, Val Loss 0.057753, LR 1.00e-03
2025-10-19 17:01:21,461 - INFO - Epoch   5: Train Loss 0.114676, Val Loss 0.057753, LR 1.00e-03
2025-10-19 17:01:21,752 - INFO - Epoch  10: Train Loss 0.132248, Val Loss 0.057753, LR 5.00e-04
2025-10-19 17:01:21,752 - INFO - Early stopping at epoch 10
2025-10-19 17:01:21,752 - INFO - Evaluating model...
2025-10-19 17:01:21,793 - INFO - Experiment completed in 0.7s
2025-10-19 17:01:21,793 - INFO - Test NDCG@5: 1.0000
2025-10-19 17:01:21,793 - INFO - Test Spearman: 1.0000
2025-10-19 17:01:21,797 - INFO - 
============================================================
2025-10-19 17:01:21,798 - INFO - Running adapters with 10 samples
2025-10-19 17:01:21,798 - INFO - ============================================================
2025-10-19 17:01:21,822 - INFO - Train samples: 10
2025-10-19 17:01:21,822 - INFO - Val samples: 9
2025-10-19 17:01:21,822 - INFO - Test samples: 15
2025-10-19 17:01:21,826 - INFO - Training with 357,889 trainable parameters (0.4498 of total)
2025-10-19 17:01:21,859 - INFO - Epoch   0: Train Loss 0.106947, Val Loss 0.057753, LR 1.00e-03
2025-10-19 17:01:21,981 - INFO - Epoch   5: Train Loss 0.110594, Val Loss 0.057753, LR 1.00e-03
2025-10-19 17:01:22,095 - INFO - Epoch  10: Train Loss 0.093771, Val Loss 0.057753, LR 5.00e-04
2025-10-19 17:01:22,095 - INFO - Early stopping at epoch 10
2025-10-19 17:01:22,095 - INFO - Evaluating model...
2025-10-19 17:01:22,138 - INFO - Experiment completed in 0.3s
2025-10-19 17:01:22,138 - INFO - Test NDCG@5: 1.0000
2025-10-19 17:01:22,138 - INFO - Test Spearman: 1.0000
2025-10-19 17:01:22,138 - INFO - 
============================================================
2025-10-19 17:01:22,138 - INFO - Running adapters with 25 samples
2025-10-19 17:01:22,142 - INFO - ============================================================
2025-10-19 17:01:22,167 - INFO - Train samples: 25
2025-10-19 17:01:22,167 - INFO - Val samples: 9
2025-10-19 17:01:22,167 - INFO - Test samples: 15
2025-10-19 17:01:22,167 - INFO - Training with 357,889 trainable parameters (0.4498 of total)
2025-10-19 17:01:22,221 - INFO - Epoch   0: Train Loss 0.105550, Val Loss 0.057753, LR 1.00e-03
2025-10-19 17:01:22,421 - INFO - Epoch   5: Train Loss 0.136362, Val Loss 0.057753, LR 1.00e-03
2025-10-19 17:01:22,611 - INFO - Epoch  10: Train Loss 0.140785, Val Loss 0.057753, LR 5.00e-04
2025-10-19 17:01:22,611 - INFO - Early stopping at epoch 10
2025-10-19 17:01:22,611 - INFO - Evaluating model...
2025-10-19 17:01:22,656 - INFO - Experiment completed in 0.5s
2025-10-19 17:01:22,657 - INFO - Test NDCG@5: 1.0000
2025-10-19 17:01:22,657 - INFO - Test Spearman: 1.0000
2025-10-19 17:01:22,657 - INFO - 
============================================================
2025-10-19 17:01:22,657 - INFO - Running adapters with 50 samples
2025-10-19 17:01:22,657 - INFO - ============================================================
2025-10-19 17:01:22,682 - INFO - Train samples: 50
2025-10-19 17:01:22,682 - INFO - Val samples: 9
2025-10-19 17:01:22,682 - INFO - Test samples: 15
2025-10-19 17:01:22,686 - INFO - Training with 357,889 trainable parameters (0.4498 of total)
2025-10-19 17:01:22,778 - INFO - Epoch   0: Train Loss 0.112569, Val Loss 0.057753, LR 1.00e-03
2025-10-19 17:01:23,108 - INFO - Epoch   5: Train Loss 0.125910, Val Loss 0.057753, LR 1.00e-03
2025-10-19 17:01:23,436 - INFO - Epoch  10: Train Loss 0.124987, Val Loss 0.057753, LR 5.00e-04
2025-10-19 17:01:23,436 - INFO - Early stopping at epoch 10
2025-10-19 17:01:23,436 - INFO - Evaluating model...
2025-10-19 17:01:23,478 - INFO - Experiment completed in 0.8s
2025-10-19 17:01:23,478 - INFO - Test NDCG@5: 1.0000
2025-10-19 17:01:23,478 - INFO - Test Spearman: 1.0000
2025-10-19 17:01:23,478 - INFO - 
============================================================
2025-10-19 17:01:23,483 - INFO - Running lora with 10 samples
2025-10-19 17:01:23,483 - INFO - ============================================================
2025-10-19 17:01:23,507 - INFO - Train samples: 10
2025-10-19 17:01:23,507 - INFO - Val samples: 9
2025-10-19 17:01:23,507 - INFO - Test samples: 15
2025-10-19 17:01:23,511 - INFO - Training with 331,425 trainable parameters (0.4309 of total)
2025-10-19 17:01:23,545 - INFO - Epoch   0: Train Loss 0.120218, Val Loss 0.057753, LR 1.00e-03
2025-10-19 17:01:23,666 - INFO - Epoch   5: Train Loss 0.115207, Val Loss 0.057753, LR 1.00e-03
2025-10-19 17:01:23,785 - INFO - Epoch  10: Train Loss 0.105093, Val Loss 0.057753, LR 5.00e-04
2025-10-19 17:01:23,785 - INFO - Early stopping at epoch 10
2025-10-19 17:01:23,785 - INFO - Evaluating model...
2025-10-19 17:01:23,830 - INFO - Experiment completed in 0.3s
2025-10-19 17:01:23,833 - INFO - Test NDCG@5: 1.0000
2025-10-19 17:01:23,833 - INFO - Test Spearman: 1.0000
2025-10-19 17:01:23,833 - INFO - 
============================================================
2025-10-19 17:01:23,833 - INFO - Running lora with 25 samples
2025-10-19 17:01:23,835 - INFO - ============================================================
2025-10-19 17:01:23,860 - INFO - Train samples: 25
2025-10-19 17:01:23,860 - INFO - Val samples: 9
2025-10-19 17:01:23,860 - INFO - Test samples: 15
2025-10-19 17:01:23,864 - INFO - Training with 331,425 trainable parameters (0.4309 of total)
2025-10-19 17:01:23,923 - INFO - Epoch   0: Train Loss 0.124075, Val Loss 0.057753, LR 1.00e-03
2025-10-19 17:01:24,117 - INFO - Epoch   5: Train Loss 0.115789, Val Loss 0.057753, LR 1.00e-03
2025-10-19 17:01:24,312 - INFO - Epoch  10: Train Loss 0.102128, Val Loss 0.057753, LR 5.00e-04
2025-10-19 17:01:24,312 - INFO - Early stopping at epoch 10
2025-10-19 17:01:24,312 - INFO - Evaluating model...
2025-10-19 17:01:24,358 - INFO - Experiment completed in 0.5s
2025-10-19 17:01:24,358 - INFO - Test NDCG@5: 1.0000
2025-10-19 17:01:24,358 - INFO - Test Spearman: 1.0000
2025-10-19 17:01:24,358 - INFO - 
============================================================
2025-10-19 17:01:24,358 - INFO - Running lora with 50 samples
2025-10-19 17:01:24,358 - INFO - ============================================================
2025-10-19 17:01:24,387 - INFO - Train samples: 50
2025-10-19 17:01:24,387 - INFO - Val samples: 9
2025-10-19 17:01:24,387 - INFO - Test samples: 15
2025-10-19 17:01:24,387 - INFO - Training with 331,425 trainable parameters (0.4309 of total)
2025-10-19 17:01:24,496 - INFO - Epoch   0: Train Loss 0.114242, Val Loss 0.057753, LR 1.00e-03
2025-10-19 17:01:24,843 - INFO - Epoch   5: Train Loss 0.146145, Val Loss 0.057753, LR 1.00e-03
2025-10-19 17:01:25,200 - INFO - Epoch  10: Train Loss 0.109236, Val Loss 0.057753, LR 5.00e-04
2025-10-19 17:01:25,200 - INFO - Early stopping at epoch 10
2025-10-19 17:01:25,200 - INFO - Evaluating model...
2025-10-19 17:01:25,245 - INFO - Experiment completed in 0.9s
2025-10-19 17:01:25,245 - INFO - Test NDCG@5: 1.0000
2025-10-19 17:01:25,245 - INFO - Test Spearman: 1.0000
2025-10-19 17:01:25,245 - INFO - Analyzing experimental results...
2025-10-19 17:01:25,249 - INFO - 
All experiments completed!
2025-10-19 17:01:25,249 - INFO - Results saved to: results\fewshot_experiments\all_experiments.json
2025-10-19 17:01:25,249 - INFO - Analysis saved to: results\fewshot_experiments\analysis.json
2025-10-19 17:41:54,297 - INFO - Creating few-shot splits...
2025-10-19 17:41:54,304 - INFO - Created few-shot splits for sizes: [10]
2025-10-19 17:41:54,304 - INFO - 
============================================================
2025-10-19 17:41:54,304 - INFO - Running head_only with 10 samples
2025-10-19 17:41:54,304 - INFO - ============================================================
2025-10-19 17:41:54,663 - INFO - Train samples: 10
2025-10-19 17:41:54,663 - INFO - Val samples: 9
2025-10-19 17:41:54,663 - INFO - Test samples: 15
2025-10-19 17:41:54,665 - INFO - Training with 307,873 trainable parameters (0.4129 of total)
2025-10-19 17:41:56,274 - INFO - Epoch   0: Train Loss 0.109262, Val Loss 0.057753, LR 1.00e-03
2025-10-19 17:41:56,481 - INFO - Epoch   4: Train Loss 0.109932, Val Loss 0.057753, LR 1.00e-03
2025-10-19 17:41:56,481 - INFO - Evaluating model...
2025-10-19 17:41:56,701 - INFO - Experiment completed in 2.4s
2025-10-19 17:41:56,701 - INFO - Test NDCG@5: 1.0000
2025-10-19 17:41:56,701 - INFO - Test Spearman: 1.0000
2025-10-19 17:41:56,704 - INFO - Analyzing experimental results...
2025-10-19 17:41:56,706 - INFO - 
All experiments completed!
2025-10-19 17:41:56,706 - INFO - Results saved to: results\fewshot_experiments\all_experiments.json
2025-10-19 17:41:56,706 - INFO - Analysis saved to: results\fewshot_experiments\analysis.json
2025-10-19 18:59:41,570 - INFO - Creating few-shot splits...
2025-10-19 18:59:41,576 - INFO - Created few-shot splits for sizes: [10]
2025-10-19 18:59:41,576 - INFO - 
============================================================
2025-10-19 18:59:41,576 - INFO - Running head_only with 10 samples
2025-10-19 18:59:41,576 - INFO - ============================================================
2025-10-19 18:59:41,879 - INFO - Train samples: 10
2025-10-19 18:59:41,879 - INFO - Val samples: 9
2025-10-19 18:59:41,879 - INFO - Test samples: 15
2025-10-19 18:59:41,879 - INFO - Training with 307,873 trainable parameters (0.4129 of total)
2025-10-19 18:59:43,460 - INFO - Epoch   0: Train Loss 0.107772, Val Loss 0.057683, LR 1.00e-03
2025-10-19 18:59:44,177 - INFO - Epoch   4: Train Loss 0.119628, Val Loss 0.058027, LR 1.00e-03
2025-10-19 18:59:44,178 - INFO - Evaluating model...
2025-10-19 18:59:44,525 - INFO - Experiment completed in 2.9s
2025-10-19 18:59:44,525 - INFO - Test NDCG@5: 0.7515
2025-10-19 18:59:44,525 - INFO - Test Spearman: -0.0095
2025-10-19 18:59:44,526 - INFO - Analyzing experimental results...
2025-10-19 18:59:44,529 - INFO - 
All experiments completed!
2025-10-19 18:59:44,529 - INFO - Results saved to: results\fewshot_experiments\all_experiments.json
2025-10-19 18:59:44,529 - INFO - Analysis saved to: results\fewshot_experiments\analysis.json
2025-10-19 19:00:08,665 - INFO - Creating few-shot splits...
2025-10-19 19:00:08,671 - INFO - Created few-shot splits for sizes: [10]
2025-10-19 19:00:08,671 - INFO - 
============================================================
2025-10-19 19:00:08,671 - INFO - Running head_only with 10 samples
2025-10-19 19:00:08,671 - INFO - ============================================================
2025-10-19 19:00:08,923 - INFO - Train samples: 10
2025-10-19 19:00:08,923 - INFO - Val samples: 9
2025-10-19 19:00:08,923 - INFO - Test samples: 15
2025-10-19 19:00:08,923 - INFO - Training with 307,873 trainable parameters (0.4129 of total)
2025-10-19 19:00:09,548 - INFO - Epoch   0: Train Loss 0.101296, Val Loss 0.057773, LR 1.00e-03
2025-10-19 19:00:10,240 - INFO - Epoch   4: Train Loss 0.138761, Val Loss 0.058063, LR 1.00e-03
2025-10-19 19:00:10,242 - INFO - Evaluating model...
2025-10-19 19:00:10,499 - INFO - Experiment completed in 1.8s
2025-10-19 19:00:10,499 - INFO - Test NDCG@5: 0.7495
2025-10-19 19:00:10,499 - INFO - Test Spearman: 0.0210
2025-10-19 19:00:10,499 - INFO - 
============================================================
2025-10-19 19:00:10,499 - INFO - Running adapters with 10 samples
2025-10-19 19:00:10,499 - INFO - ============================================================
2025-10-19 19:00:10,563 - INFO - Train samples: 10
2025-10-19 19:00:10,563 - INFO - Val samples: 9
2025-10-19 19:00:10,563 - INFO - Test samples: 15
2025-10-19 19:00:10,563 - INFO - Training with 357,889 trainable parameters (0.4498 of total)
2025-10-19 19:00:10,767 - INFO - Epoch   0: Train Loss 0.105707, Val Loss 0.057949, LR 1.00e-03
2025-10-19 19:00:11,515 - INFO - Epoch   4: Train Loss 0.123733, Val Loss 0.058241, LR 1.00e-03
2025-10-19 19:00:11,519 - INFO - Evaluating model...
2025-10-19 19:00:11,755 - INFO - Experiment completed in 1.3s
2025-10-19 19:00:11,755 - INFO - Test NDCG@5: 0.7414
2025-10-19 19:00:11,755 - INFO - Test Spearman: 0.0019
2025-10-19 19:00:11,755 - INFO - 
============================================================
2025-10-19 19:00:11,755 - INFO - Running lora with 10 samples
2025-10-19 19:00:11,755 - INFO - ============================================================
2025-10-19 19:00:11,815 - INFO - Train samples: 10
2025-10-19 19:00:11,815 - INFO - Val samples: 9
2025-10-19 19:00:11,815 - INFO - Test samples: 15
2025-10-19 19:00:11,815 - INFO - Training with 331,425 trainable parameters (0.4309 of total)
2025-10-19 19:00:12,036 - INFO - Epoch   0: Train Loss 0.119055, Val Loss 0.057988, LR 1.00e-03
2025-10-19 19:00:12,792 - INFO - Epoch   4: Train Loss 0.101725, Val Loss 0.058724, LR 1.00e-03
2025-10-19 19:00:12,794 - INFO - Evaluating model...
2025-10-19 19:00:13,033 - INFO - Experiment completed in 1.3s
2025-10-19 19:00:13,033 - INFO - Test NDCG@5: 0.7117
2025-10-19 19:00:13,033 - INFO - Test Spearman: -0.0819
2025-10-19 19:00:13,039 - INFO - Analyzing experimental results...
2025-10-19 19:00:13,041 - INFO - 
All experiments completed!
2025-10-19 19:00:13,041 - INFO - Results saved to: results\fewshot_experiments\all_experiments.json
2025-10-19 19:00:13,041 - INFO - Analysis saved to: results\fewshot_experiments\analysis.json
2025-10-19 19:07:46,202 - INFO - Creating few-shot splits...
2025-10-19 19:07:46,212 - INFO - Created few-shot splits for sizes: [10, 25]
2025-10-19 19:07:46,212 - INFO - 
============================================================
2025-10-19 19:07:46,212 - INFO - Running head_only with 10 samples
2025-10-19 19:07:46,212 - INFO - ============================================================
2025-10-19 19:07:46,466 - INFO - Train samples: 10
2025-10-19 19:07:46,466 - INFO - Val samples: 9
2025-10-19 19:07:46,466 - INFO - Test samples: 15
2025-10-19 19:07:46,467 - INFO - Training with 307,873 trainable parameters (0.4129 of total)
2025-10-19 19:07:47,184 - INFO - Epoch   0: Train Loss 0.118730, Val Loss 0.057773, LR 1.00e-03
2025-10-19 19:07:47,984 - INFO - Epoch   4: Train Loss 0.121168, Val Loss 0.057954, LR 1.00e-03
2025-10-19 19:07:47,984 - INFO - Evaluating model...
2025-10-19 19:07:48,263 - INFO - Experiment completed in 2.0s
2025-10-19 19:07:48,263 - INFO - Test NDCG@5: 0.6865
2025-10-19 19:07:48,263 - INFO - Test Spearman: -0.1581
2025-10-19 19:07:48,265 - INFO - 
============================================================
2025-10-19 19:07:48,265 - INFO - Running head_only with 25 samples
2025-10-19 19:07:48,265 - INFO - ============================================================
2025-10-19 19:07:48,332 - INFO - Train samples: 25
2025-10-19 19:07:48,332 - INFO - Val samples: 9
2025-10-19 19:07:48,332 - INFO - Test samples: 15
2025-10-19 19:07:48,332 - INFO - Training with 307,873 trainable parameters (0.4129 of total)
2025-10-19 19:07:48,701 - INFO - Epoch   0: Train Loss 0.110796, Val Loss 0.057974, LR 1.00e-03
2025-10-19 19:07:49,871 - INFO - Epoch   4: Train Loss 0.119492, Val Loss 0.057478, LR 1.00e-03
2025-10-19 19:07:49,874 - INFO - Evaluating model...
2025-10-19 19:07:50,155 - INFO - Experiment completed in 1.9s
2025-10-19 19:07:50,155 - INFO - Test NDCG@5: 0.7597
2025-10-19 19:07:50,155 - INFO - Test Spearman: 0.0095
2025-10-19 19:07:50,155 - INFO - 
============================================================
2025-10-19 19:07:50,155 - INFO - Running adapters with 10 samples
2025-10-19 19:07:50,155 - INFO - ============================================================
2025-10-19 19:07:50,214 - INFO - Train samples: 10
2025-10-19 19:07:50,214 - INFO - Val samples: 9
2025-10-19 19:07:50,214 - INFO - Test samples: 15
2025-10-19 19:07:50,218 - INFO - Training with 357,889 trainable parameters (0.4498 of total)
2025-10-19 19:07:50,458 - INFO - Epoch   0: Train Loss 0.115227, Val Loss 0.057674, LR 1.00e-03
2025-10-19 19:07:51,305 - INFO - Epoch   4: Train Loss 0.104111, Val Loss 0.057978, LR 1.00e-03
2025-10-19 19:07:51,306 - INFO - Evaluating model...
2025-10-19 19:07:51,561 - INFO - Experiment completed in 1.4s
2025-10-19 19:07:51,561 - INFO - Test NDCG@5: 0.7255
2025-10-19 19:07:51,562 - INFO - Test Spearman: -0.0857
2025-10-19 19:07:51,564 - INFO - 
============================================================
2025-10-19 19:07:51,564 - INFO - Running adapters with 25 samples
2025-10-19 19:07:51,564 - INFO - ============================================================
2025-10-19 19:07:51,627 - INFO - Train samples: 25
2025-10-19 19:07:51,627 - INFO - Val samples: 9
2025-10-19 19:07:51,627 - INFO - Test samples: 15
2025-10-19 19:07:51,629 - INFO - Training with 357,889 trainable parameters (0.4498 of total)
2025-10-19 19:07:51,997 - INFO - Epoch   0: Train Loss 0.105535, Val Loss 0.057668, LR 1.00e-03
2025-10-19 19:07:53,253 - INFO - Epoch   4: Train Loss 0.107839, Val Loss 0.057591, LR 1.00e-03
2025-10-19 19:07:53,256 - INFO - Evaluating model...
2025-10-19 19:07:53,580 - INFO - Experiment completed in 2.0s
2025-10-19 19:07:53,580 - INFO - Test NDCG@5: 0.8168
2025-10-19 19:07:53,580 - INFO - Test Spearman: 0.1543
2025-10-19 19:07:53,583 - INFO - 
============================================================
2025-10-19 19:07:53,583 - INFO - Running lora with 10 samples
2025-10-19 19:07:53,583 - INFO - ============================================================
2025-10-19 19:07:53,657 - INFO - Train samples: 10
2025-10-19 19:07:53,657 - INFO - Val samples: 9
2025-10-19 19:07:53,657 - INFO - Test samples: 15
2025-10-19 19:07:53,657 - INFO - Training with 331,425 trainable parameters (0.4309 of total)
2025-10-19 19:07:53,924 - INFO - Epoch   0: Train Loss 0.124696, Val Loss 0.057941, LR 1.00e-03
2025-10-19 19:07:54,751 - INFO - Epoch   4: Train Loss 0.100726, Val Loss 0.058641, LR 1.00e-03
2025-10-19 19:07:54,753 - INFO - Evaluating model...
2025-10-19 19:07:55,001 - INFO - Experiment completed in 1.4s
2025-10-19 19:07:55,001 - INFO - Test NDCG@5: 0.7391
2025-10-19 19:07:55,001 - INFO - Test Spearman: -0.0171
2025-10-19 19:07:55,003 - INFO - 
============================================================
2025-10-19 19:07:55,003 - INFO - Running lora with 25 samples
2025-10-19 19:07:55,003 - INFO - ============================================================
2025-10-19 19:07:55,068 - INFO - Train samples: 25
2025-10-19 19:07:55,068 - INFO - Val samples: 9
2025-10-19 19:07:55,068 - INFO - Test samples: 15
2025-10-19 19:07:55,068 - INFO - Training with 331,425 trainable parameters (0.4309 of total)
2025-10-19 19:07:55,441 - INFO - Epoch   0: Train Loss 0.117729, Val Loss 0.057928, LR 1.00e-03
2025-10-19 19:07:56,661 - INFO - Epoch   4: Train Loss 0.128486, Val Loss 0.058458, LR 1.00e-03
2025-10-19 19:07:56,665 - INFO - Evaluating model...
2025-10-19 19:07:56,944 - INFO - Experiment completed in 1.9s
2025-10-19 19:07:56,944 - INFO - Test NDCG@5: 0.7512
2025-10-19 19:07:56,944 - INFO - Test Spearman: -0.0476
2025-10-19 19:07:56,950 - INFO - Analyzing experimental results...
2025-10-19 19:07:56,953 - INFO - 
All experiments completed!
2025-10-19 19:07:56,953 - INFO - Results saved to: results\fewshot_experiments\all_experiments.json
2025-10-19 19:07:56,953 - INFO - Analysis saved to: results\fewshot_experiments\analysis.json
2025-10-19 19:16:45,018 - INFO - Creating few-shot splits...
2025-10-19 19:16:45,035 - INFO - Created few-shot splits for sizes: [10, 25, 50]
2025-10-19 19:16:45,035 - INFO - 
============================================================
2025-10-19 19:16:45,035 - INFO - Running head_only with 10 samples
2025-10-19 19:16:45,037 - INFO - ============================================================
2025-10-19 19:16:45,407 - INFO - Train samples: 10
2025-10-19 19:16:45,407 - INFO - Val samples: 9
2025-10-19 19:16:45,407 - INFO - Test samples: 15
2025-10-19 19:16:45,407 - INFO - Training with 307,873 trainable parameters (0.4129 of total)
2025-10-19 19:16:46,792 - INFO - Epoch   0: Train Loss 0.103727, Val Loss 0.057700, LR 1.00e-03
2025-10-19 19:16:47,701 - INFO - Epoch   5: Train Loss 0.108424, Val Loss 0.058379, LR 1.00e-03
2025-10-19 19:16:48,593 - INFO - Epoch  10: Train Loss 0.138596, Val Loss 0.059000, LR 5.00e-04
2025-10-19 19:16:48,593 - INFO - Early stopping at epoch 10
2025-10-19 19:16:48,595 - INFO - Evaluating model...
2025-10-19 19:16:48,932 - INFO - Experiment completed in 3.9s
2025-10-19 19:16:48,933 - INFO - Test NDCG@5: 0.7374
2025-10-19 19:16:48,934 - INFO - Test Spearman: -0.0210
2025-10-19 19:16:48,935 - INFO - 
============================================================
2025-10-19 19:16:48,935 - INFO - Running head_only with 25 samples
2025-10-19 19:16:48,935 - INFO - ============================================================
2025-10-19 19:16:49,001 - INFO - Train samples: 25
2025-10-19 19:16:49,002 - INFO - Val samples: 9
2025-10-19 19:16:49,002 - INFO - Test samples: 15
2025-10-19 19:16:49,002 - INFO - Training with 307,873 trainable parameters (0.4129 of total)
2025-10-19 19:16:49,299 - INFO - Epoch   0: Train Loss 0.113261, Val Loss 0.057512, LR 1.00e-03
2025-10-19 19:16:50,742 - INFO - Epoch   5: Train Loss 0.125137, Val Loss 0.057965, LR 1.00e-03
2025-10-19 19:16:52,131 - INFO - Epoch  10: Train Loss 0.131855, Val Loss 0.058102, LR 5.00e-04
2025-10-19 19:16:52,133 - INFO - Early stopping at epoch 10
2025-10-19 19:16:52,135 - INFO - Evaluating model...
2025-10-19 19:16:52,385 - INFO - Experiment completed in 3.4s
2025-10-19 19:16:52,385 - INFO - Test NDCG@5: 0.7613
2025-10-19 19:16:52,385 - INFO - Test Spearman: 0.0895
2025-10-19 19:16:52,388 - INFO - 
============================================================
2025-10-19 19:16:52,388 - INFO - Running head_only with 50 samples
2025-10-19 19:16:52,388 - INFO - ============================================================
2025-10-19 19:16:52,463 - INFO - Train samples: 50
2025-10-19 19:16:52,463 - INFO - Val samples: 9
2025-10-19 19:16:52,466 - INFO - Test samples: 15
2025-10-19 19:16:52,467 - INFO - Training with 307,873 trainable parameters (0.4129 of total)
2025-10-19 19:16:53,059 - INFO - Epoch   0: Train Loss 0.100972, Val Loss 0.057650, LR 1.00e-03
2025-10-19 19:16:55,047 - INFO - Epoch   5: Train Loss 0.137933, Val Loss 0.057105, LR 1.00e-03
2025-10-19 19:16:56,994 - INFO - Epoch  10: Train Loss 0.113829, Val Loss 0.056965, LR 1.00e-03
2025-10-19 19:16:58,963 - INFO - Epoch  15: Train Loss 0.133450, Val Loss 0.056769, LR 1.00e-03
2025-10-19 19:17:00,983 - INFO - Epoch  20: Train Loss 0.129335, Val Loss 0.056070, LR 1.00e-03
2025-10-19 19:17:02,948 - INFO - Epoch  25: Train Loss 0.105636, Val Loss 0.056730, LR 1.00e-03
2025-10-19 19:17:04,524 - INFO - Epoch  29: Train Loss 0.130225, Val Loss 0.056710, LR 5.00e-04
2025-10-19 19:17:04,526 - INFO - Evaluating model...
2025-10-19 19:17:04,779 - INFO - Experiment completed in 12.4s
2025-10-19 19:17:04,779 - INFO - Test NDCG@5: 0.8061
2025-10-19 19:17:04,779 - INFO - Test Spearman: 0.1467
2025-10-19 19:17:04,783 - INFO - 
============================================================
2025-10-19 19:17:04,783 - INFO - Running adapters with 10 samples
2025-10-19 19:17:04,783 - INFO - ============================================================
2025-10-19 19:17:04,861 - INFO - Train samples: 10
2025-10-19 19:17:04,861 - INFO - Val samples: 9
2025-10-19 19:17:04,861 - INFO - Test samples: 15
2025-10-19 19:17:04,861 - INFO - Training with 357,889 trainable parameters (0.4498 of total)
2025-10-19 19:17:05,072 - INFO - Epoch   0: Train Loss 0.116244, Val Loss 0.057677, LR 1.00e-03
2025-10-19 19:17:05,979 - INFO - Epoch   5: Train Loss 0.110819, Val Loss 0.057965, LR 1.00e-03
2025-10-19 19:17:06,860 - INFO - Epoch  10: Train Loss 0.124230, Val Loss 0.058100, LR 5.00e-04
2025-10-19 19:17:07,028 - INFO - Early stopping at epoch 11
2025-10-19 19:17:07,028 - INFO - Evaluating model...
2025-10-19 19:17:07,286 - INFO - Experiment completed in 2.5s
2025-10-19 19:17:07,286 - INFO - Test NDCG@5: 0.7355
2025-10-19 19:17:07,286 - INFO - Test Spearman: 0.0133
2025-10-19 19:17:07,291 - INFO - 
============================================================
2025-10-19 19:17:07,291 - INFO - Running adapters with 25 samples
2025-10-19 19:17:07,291 - INFO - ============================================================
2025-10-19 19:17:07,366 - INFO - Train samples: 25
2025-10-19 19:17:07,366 - INFO - Val samples: 9
2025-10-19 19:17:07,366 - INFO - Test samples: 15
2025-10-19 19:17:07,367 - INFO - Training with 357,889 trainable parameters (0.4498 of total)
2025-10-19 19:17:07,682 - INFO - Epoch   0: Train Loss 0.104184, Val Loss 0.057744, LR 1.00e-03
2025-10-19 19:17:09,013 - INFO - Epoch   5: Train Loss 0.147011, Val Loss 0.058121, LR 1.00e-03
2025-10-19 19:17:10,347 - INFO - Epoch  10: Train Loss 0.143508, Val Loss 0.058250, LR 5.00e-04
2025-10-19 19:17:10,351 - INFO - Early stopping at epoch 10
2025-10-19 19:17:10,352 - INFO - Evaluating model...
2025-10-19 19:17:10,621 - INFO - Experiment completed in 3.3s
2025-10-19 19:17:10,621 - INFO - Test NDCG@5: 0.7556
2025-10-19 19:17:10,621 - INFO - Test Spearman: -0.0438
2025-10-19 19:17:10,624 - INFO - 
============================================================
2025-10-19 19:17:10,624 - INFO - Running adapters with 50 samples
2025-10-19 19:17:10,624 - INFO - ============================================================
2025-10-19 19:17:10,690 - INFO - Train samples: 50
2025-10-19 19:17:10,690 - INFO - Val samples: 9
2025-10-19 19:17:10,693 - INFO - Test samples: 15
2025-10-19 19:17:10,694 - INFO - Training with 357,889 trainable parameters (0.4498 of total)
2025-10-19 19:17:11,179 - INFO - Epoch   0: Train Loss 0.123149, Val Loss 0.058142, LR 1.00e-03
2025-10-19 19:17:13,308 - INFO - Epoch   5: Train Loss 0.105568, Val Loss 0.057891, LR 1.00e-03
2025-10-19 19:17:15,393 - INFO - Epoch  10: Train Loss 0.128935, Val Loss 0.058359, LR 1.00e-03
2025-10-19 19:17:17,474 - INFO - Epoch  15: Train Loss 0.090743, Val Loss 0.058726, LR 5.00e-04
2025-10-19 19:17:17,878 - INFO - Early stopping at epoch 16
2025-10-19 19:17:17,884 - INFO - Evaluating model...
2025-10-19 19:17:18,138 - INFO - Experiment completed in 7.5s
2025-10-19 19:17:18,138 - INFO - Test NDCG@5: 0.7823
2025-10-19 19:17:18,138 - INFO - Test Spearman: 0.0667
2025-10-19 19:17:18,139 - INFO - 
============================================================
2025-10-19 19:17:18,141 - INFO - Running lora with 10 samples
2025-10-19 19:17:18,141 - INFO - ============================================================
2025-10-19 19:17:18,212 - INFO - Train samples: 10
2025-10-19 19:17:18,214 - INFO - Val samples: 9
2025-10-19 19:17:18,214 - INFO - Test samples: 15
2025-10-19 19:17:18,215 - INFO - Training with 331,425 trainable parameters (0.4309 of total)
2025-10-19 19:17:18,437 - INFO - Epoch   0: Train Loss 0.101497, Val Loss 0.057675, LR 1.00e-03
2025-10-19 19:17:19,324 - INFO - Epoch   5: Train Loss 0.126756, Val Loss 0.058241, LR 1.00e-03
2025-10-19 19:17:20,221 - INFO - Epoch  10: Train Loss 0.094978, Val Loss 0.058646, LR 5.00e-04
2025-10-19 19:17:20,221 - INFO - Early stopping at epoch 10
2025-10-19 19:17:20,223 - INFO - Evaluating model...
2025-10-19 19:17:20,480 - INFO - Experiment completed in 2.3s
2025-10-19 19:17:20,480 - INFO - Test NDCG@5: 0.7612
2025-10-19 19:17:20,480 - INFO - Test Spearman: 0.0362
2025-10-19 19:17:20,482 - INFO - 
============================================================
2025-10-19 19:17:20,482 - INFO - Running lora with 25 samples
2025-10-19 19:17:20,482 - INFO - ============================================================
2025-10-19 19:17:20,550 - INFO - Train samples: 25
2025-10-19 19:17:20,551 - INFO - Val samples: 9
2025-10-19 19:17:20,551 - INFO - Test samples: 15
2025-10-19 19:17:20,551 - INFO - Training with 331,425 trainable parameters (0.4309 of total)
2025-10-19 19:17:20,867 - INFO - Epoch   0: Train Loss 0.116631, Val Loss 0.057679, LR 1.00e-03
2025-10-19 19:17:22,231 - INFO - Epoch   5: Train Loss 0.102015, Val Loss 0.057726, LR 1.00e-03
2025-10-19 19:17:23,602 - INFO - Epoch  10: Train Loss 0.111925, Val Loss 0.058007, LR 5.00e-04
2025-10-19 19:17:24,145 - INFO - Early stopping at epoch 12
2025-10-19 19:17:24,150 - INFO - Evaluating model...
2025-10-19 19:17:24,402 - INFO - Experiment completed in 3.9s
2025-10-19 19:17:24,402 - INFO - Test NDCG@5: 0.7390
2025-10-19 19:17:24,402 - INFO - Test Spearman: 0.0057
2025-10-19 19:17:24,404 - INFO - 
============================================================
2025-10-19 19:17:24,405 - INFO - Running lora with 50 samples
2025-10-19 19:17:24,405 - INFO - ============================================================
2025-10-19 19:17:24,474 - INFO - Train samples: 50
2025-10-19 19:17:24,474 - INFO - Val samples: 9
2025-10-19 19:17:24,474 - INFO - Test samples: 15
2025-10-19 19:17:24,475 - INFO - Training with 331,425 trainable parameters (0.4309 of total)
2025-10-19 19:17:25,011 - INFO - Epoch   0: Train Loss 0.097906, Val Loss 0.057988, LR 1.00e-03
2025-10-19 19:17:27,173 - INFO - Epoch   5: Train Loss 0.123699, Val Loss 0.057132, LR 1.00e-03
2025-10-19 19:17:29,287 - INFO - Epoch  10: Train Loss 0.115770, Val Loss 0.057767, LR 5.00e-04
2025-10-19 19:17:30,555 - INFO - Early stopping at epoch 13
2025-10-19 19:17:30,558 - INFO - Evaluating model...
2025-10-19 19:17:30,810 - INFO - Experiment completed in 6.4s
2025-10-19 19:17:30,810 - INFO - Test NDCG@5: 0.7704
2025-10-19 19:17:30,810 - INFO - Test Spearman: 0.0400
2025-10-19 19:17:30,816 - INFO - Analyzing experimental results...
2025-10-19 19:17:30,821 - INFO - 
All experiments completed!
2025-10-19 19:17:30,822 - INFO - Results saved to: results\fewshot_experiments\all_experiments.json
2025-10-19 19:17:30,822 - INFO - Analysis saved to: results\fewshot_experiments\analysis.json
